0 info it worked if it ends with ok
1 verbose cli [ '/usr/bin/node',
1 verbose cli   '/usr/bin/npm',
1 verbose cli   'install',
1 verbose cli   'grunt-contrib-compass',
1 verbose cli   '--save-dev',
1 verbose cli   '-g' ]
2 info using npm@1.4.28
3 info using node@v0.10.35
4 verbose node symlink /usr/bin/node
5 verbose cache add [ 'grunt-contrib-compass', null ]
6 verbose cache add name=undefined spec="grunt-contrib-compass" args=["grunt-contrib-compass",null]
7 verbose parsed url { protocol: null,
7 verbose parsed url   slashes: null,
7 verbose parsed url   auth: null,
7 verbose parsed url   host: null,
7 verbose parsed url   port: null,
7 verbose parsed url   hostname: null,
7 verbose parsed url   hash: null,
7 verbose parsed url   search: null,
7 verbose parsed url   query: null,
7 verbose parsed url   pathname: 'grunt-contrib-compass',
7 verbose parsed url   path: 'grunt-contrib-compass',
7 verbose parsed url   href: 'grunt-contrib-compass' }
8 silly lockFile 6a816d73-grunt-contrib-compass grunt-contrib-compass
9 verbose lock grunt-contrib-compass /home/dev/.npm/6a816d73-grunt-contrib-compass.lock
10 silly lockFile 6a816d73-grunt-contrib-compass grunt-contrib-compass
11 silly lockFile 6a816d73-grunt-contrib-compass grunt-contrib-compass
12 verbose addNamed [ 'grunt-contrib-compass', '' ]
13 verbose addNamed [ null, '*' ]
14 silly lockFile 9d4b61e1-grunt-contrib-compass grunt-contrib-compass@
15 verbose lock grunt-contrib-compass@ /home/dev/.npm/9d4b61e1-grunt-contrib-compass.lock
16 silly addNameRange { name: 'grunt-contrib-compass', range: '*', hasData: false }
17 verbose request where is /grunt-contrib-compass
18 verbose request registry https://registry.npmjs.org/
19 verbose request id 5d82c45f90390d30
20 verbose url raw /grunt-contrib-compass
21 verbose url resolving [ 'https://registry.npmjs.org/', './grunt-contrib-compass' ]
22 verbose url resolved https://registry.npmjs.org/grunt-contrib-compass
23 verbose request where is https://registry.npmjs.org/grunt-contrib-compass
24 info trying registry request attempt 1 at 13:34:26
25 verbose etag "BNEKM5CY4WG98XG7ZGUBIAS65"
26 http GET https://registry.npmjs.org/grunt-contrib-compass
27 http 304 https://registry.npmjs.org/grunt-contrib-compass
28 silly registry.get cb [ 304,
28 silly registry.get   { date: 'Thu, 22 Jan 2015 02:34:26 GMT',
28 silly registry.get     server: 'Apache',
28 silly registry.get     via: '1.1 varnish',
28 silly registry.get     'last-modified': 'Thu, 22 Jan 2015 02:33:30 GMT',
28 silly registry.get     'cache-control': 'max-age=60',
28 silly registry.get     etag: '"BNEKM5CY4WG98XG7ZGUBIAS65"',
28 silly registry.get     age: '56',
28 silly registry.get     'x-served-by': 'cache-syd1622-SYD',
28 silly registry.get     'x-cache': 'HIT',
28 silly registry.get     'x-cache-hits': '2',
28 silly registry.get     'x-timer': 'S1421894066.225348,VS0,VE0',
28 silly registry.get     vary: 'Accept',
28 silly registry.get     'content-length': '0',
28 silly registry.get     'keep-alive': 'timeout=10, max=50',
28 silly registry.get     connection: 'Keep-Alive' } ]
29 verbose etag https://registry.npmjs.org/grunt-contrib-compass from cache
30 silly addNameRange number 2 { name: 'grunt-contrib-compass', range: '*', hasData: true }
31 silly addNameRange versions [ 'grunt-contrib-compass',
31 silly addNameRange   [ '0.1.0',
31 silly addNameRange     '0.1.1',
31 silly addNameRange     '0.1.2',
31 silly addNameRange     '0.1.3',
31 silly addNameRange     '0.2.0',
31 silly addNameRange     '0.3.0',
31 silly addNameRange     '0.4.0',
31 silly addNameRange     '0.4.1',
31 silly addNameRange     '0.5.0',
31 silly addNameRange     '0.6.0',
31 silly addNameRange     '0.7.0',
31 silly addNameRange     '0.1.1-rc7',
31 silly addNameRange     '0.1.1-rc8',
31 silly addNameRange     '0.7.1',
31 silly addNameRange     '0.7.2',
31 silly addNameRange     '0.8.0',
31 silly addNameRange     '0.9.0',
31 silly addNameRange     '0.9.1',
31 silly addNameRange     '1.0.0',
31 silly addNameRange     '1.0.1' ] ]
32 verbose addNamed [ 'grunt-contrib-compass', '1.0.1' ]
33 verbose addNamed [ '1.0.1', '1.0.1' ]
34 silly lockFile bc13c7dc-grunt-contrib-compass-1-0-1 grunt-contrib-compass@1.0.1
35 verbose lock grunt-contrib-compass@1.0.1 /home/dev/.npm/bc13c7dc-grunt-contrib-compass-1-0-1.lock
36 silly lockFile bc13c7dc-grunt-contrib-compass-1-0-1 grunt-contrib-compass@1.0.1
37 silly lockFile bc13c7dc-grunt-contrib-compass-1-0-1 grunt-contrib-compass@1.0.1
38 silly lockFile 9d4b61e1-grunt-contrib-compass grunt-contrib-compass@
39 silly lockFile 9d4b61e1-grunt-contrib-compass grunt-contrib-compass@
40 silly resolved [ { name: 'grunt-contrib-compass',
40 silly resolved     description: 'Compile Sass to CSS using Compass',
40 silly resolved     version: '1.0.1',
40 silly resolved     author: { name: 'Grunt Team', url: 'http://gruntjs.com/' },
40 silly resolved     repository:
40 silly resolved      { type: 'git',
40 silly resolved        url: 'git://github.com/gruntjs/grunt-contrib-compass' },
40 silly resolved     licenses: [ [Object] ],
40 silly resolved     engines: { node: '>=0.10.0' },
40 silly resolved     scripts: { test: 'grunt test' },
40 silly resolved     dependencies:
40 silly resolved      { async: '^0.9.0',
40 silly resolved        'bin-version-check': '^1.0.0',
40 silly resolved        dargs: '^2.0.3',
40 silly resolved        tmp: '0.0.24' },
40 silly resolved     devDependencies:
40 silly resolved      { grunt: '^0.4.5',
40 silly resolved        'grunt-contrib-clean': '^0.6.0',
40 silly resolved        'grunt-contrib-internal': '^0.4.10',
40 silly resolved        'grunt-contrib-jshint': '^0.10.0',
40 silly resolved        'grunt-contrib-nodeunit': '^0.4.1' },
40 silly resolved     peerDependencies: { grunt: '>=0.4.0' },
40 silly resolved     keywords:
40 silly resolved      [ 'gruntplugin',
40 silly resolved        'compass',
40 silly resolved        'scss',
40 silly resolved        'sass',
40 silly resolved        'css',
40 silly resolved        'compile',
40 silly resolved        'preprocessor',
40 silly resolved        'style' ],
40 silly resolved     files: [ 'tasks', 'LICENSE-MIT' ],
40 silly resolved     bugs: { url: 'https://github.com/gruntjs/grunt-contrib-compass/issues' },
40 silly resolved     homepage: 'https://github.com/gruntjs/grunt-contrib-compass',
40 silly resolved     _id: 'grunt-contrib-compass@1.0.1',
40 silly resolved     _shasum: '8eb5dd93921aa4257a45064bbabe5745abfcae73',
40 silly resolved     _from: 'grunt-contrib-compass@',
40 silly resolved     _npmVersion: '1.4.9',
40 silly resolved     _npmUser: { name: 'sindresorhus', email: 'sindresorhus@gmail.com' },
40 silly resolved     maintainers: [ [Object], [Object], [Object], [Object], [Object], [Object] ],
40 silly resolved     dist:
40 silly resolved      { shasum: '8eb5dd93921aa4257a45064bbabe5745abfcae73',
40 silly resolved        tarball: 'http://registry.npmjs.org/grunt-contrib-compass/-/grunt-contrib-compass-1.0.1.tgz' },
40 silly resolved     directories: {},
40 silly resolved     _resolved: 'https://registry.npmjs.org/grunt-contrib-compass/-/grunt-contrib-compass-1.0.1.tgz',
40 silly resolved     readme: 'ERROR: No README data found!' } ]
41 info install grunt-contrib-compass@1.0.1 into /usr/lib
42 info installOne grunt-contrib-compass@1.0.1
43 verbose lib/node_modules/grunt-contrib-compass unbuild
44 verbose tar unpack /home/dev/.npm/grunt-contrib-compass/1.0.1/package.tgz
45 silly lockFile a03e2be0-de-modules-grunt-contrib-compass tar:///usr/lib/node_modules/grunt-contrib-compass
46 verbose lock tar:///usr/lib/node_modules/grunt-contrib-compass /home/dev/.npm/a03e2be0-de-modules-grunt-contrib-compass.lock
47 silly lockFile 6231ec97-ontrib-compass-1-0-1-package-tgz tar:///home/dev/.npm/grunt-contrib-compass/1.0.1/package.tgz
48 verbose lock tar:///home/dev/.npm/grunt-contrib-compass/1.0.1/package.tgz /home/dev/.npm/6231ec97-ontrib-compass-1-0-1-package-tgz.lock
49 silly gunzTarPerm modes [ '775', '664' ]
50 error Error: EACCES, mkdir '/usr/lib/node_modules/grunt-contrib-compass'
50 error  { [Error: EACCES, mkdir '/usr/lib/node_modules/grunt-contrib-compass']
50 error   errno: 3,
50 error   code: 'EACCES',
50 error   path: '/usr/lib/node_modules/grunt-contrib-compass',
50 error   fstream_type: 'Directory',
50 error   fstream_path: '/usr/lib/node_modules/grunt-contrib-compass',
50 error   fstream_class: 'DirWriter',
50 error   fstream_stack:
50 error    [ '/usr/lib/node_modules/npm/node_modules/fstream/lib/dir-writer.js:36:23',
50 error      '/usr/lib/node_modules/npm/node_modules/mkdirp/index.js:46:53',
50 error      'Object.oncomplete (fs.js:108:15)' ] }
51 error Please try running this command again as root/Administrator.
52 error System Linux 3.11.0-26-generic
53 error command "/usr/bin/node" "/usr/bin/npm" "install" "grunt-contrib-compass" "--save-dev" "-g"
54 error cwd /var/www/www-gov/www
55 error node -v v0.10.35
56 error npm -v 1.4.28
57 error path /usr/lib/node_modules/grunt-contrib-compass
58 error fstream_path /usr/lib/node_modules/grunt-contrib-compass
59 error fstream_type Directory
60 error fstream_class DirWriter
61 error code EACCES
62 error errno 3
63 error stack Error: EACCES, mkdir '/usr/lib/node_modules/grunt-contrib-compass'
64 error fstream_stack /usr/lib/node_modules/npm/node_modules/fstream/lib/dir-writer.js:36:23
64 error fstream_stack /usr/lib/node_modules/npm/node_modules/mkdirp/index.js:46:53
64 error fstream_stack Object.oncomplete (fs.js:108:15)
65 verbose exit [ 3, true ]
